>>> print_square = __import__("4-print_square").print_square
>>> module_documentation = __import__("4-print_square").__doc__
>>> print(len(module_documentation) > 0)
True
>>> function_documentation = __import__("4-print_square").print_square.__doc__
>>> print(len(function_documentation) > 0)
True
>>> print_square(1)
#
>>> print_square(0)
>>> print_square(3)
###
###
###
>>> print_square(True)
Traceback (most recent call last):
  File "<stdin>", line 1, in <module>
  File "/root/alx-higher_level_programming/0x07-python-test_driven_development/4-print_square.py", line 11, in print_square
    raise TypeError("size must be an integer")
TypeError: size must be an integer
>>> print_square(False)
Traceback (most recent call last):
  File "<stdin>", line 1, in <module>
  File "/root/alx-higher_level_programming/0x07-python-test_driven_development/4-print_square.py", line 11, in print_square
    raise TypeError("size must be an integer")
TypeError: size must be an integer
>>> print(print_square())
Traceback (most recent call last):
  File "<stdin>", line 1, in <module>
TypeError: print_square() missing 1 required positional argument: 'size'
>>> print(print_square(None))
Traceback (most recent call last):
  File "<stdin>", line 1, in <module>
  File "/root/alx-higher_level_programming/0x07-python-test_driven_development/4-print_square.py", line 11, in print_square
    raise TypeError("size must be an integer")
TypeError: size must be an integer
>>> print(print_square(1, 2, 3))
Traceback (most recent call last):
  File "<stdin>", line 1, in <module>
TypeError: print_square() takes 1 positional argument but 3 were given
>>> print(print_square(1.1))
Traceback (most recent call last):
  File "<stdin>", line 1, in <module>
  File "/root/alx-higher_level_programming/0x07-python-test_driven_development/4-print_square.py", line 11, in print_square
    raise TypeError("size must be an integer")
TypeError: size must be an integer
>>> print(print_square(-1))
Traceback (most recent call last):
  File "<stdin>", line 1, in <module>
  File "/root/alx-higher_level_programming/0x07-python-test_driven_development/4-print_square.py", line 13, in print_square
    raise ValueError("size must be >= 0")
ValueError: size must be >= 0
>>> print(print_square("square"))
Traceback (most recent call last):
  File "<stdin>", line 1, in <module>
  File "/root/alx-higher_level_programming/0x07-python-test_driven_development/4-print_square.py", line 11, in print_square
    raise TypeError("size must be an integer")
TypeError: size must be an integer
>>> print(print_square(1, 2, 3))
